# JRE version: Java(TM) SE Runtime Environment (22.0.2+9) (build 22.0.2+9-70)
# Java VM: Java HotSpot(TM) 64-Bit Server VM (22.0.2+9-70, mixed mode, sharing, tiered, compressed oops, compressed class ptrs, g1 gc, windows-amd64)
GC Precious Log:
 CardTable entry size: 512
 Card Set container configuration: InlinePtr #cards 4 size 8 Array Of Cards #cards 32 size 80 Howl #buckets 8 coarsen threshold 7372 Howl Bitmap #cards 1024 size 144 coarsen threshold 921 Card regions per heap region 1 cards per card region 8192
 CPUs: 8 total, 8 available
 Memory: 20360M
 Large Page Support: Disabled
 NUMA Support: Disabled
 Compressed Oops: Enabled (Zero based)
 Heap Region Size: 4M
 Heap Min Capacity: 8M
 Heap Initial Capacity: 320M
 Heap Max Capacity: 5092M
 Pre-touch: Disabled
 Parallel Workers: 8
 Concurrent Workers: 2
 Concurrent Refinement Workers: 8
 Periodic GC: Disabled
Heap:
 garbage-first heap   total reserved 5214208K, committed 94208K, used 74189K [0x00000006c1c00000, 0x0000000800000000)
  region size 4096K, 12 young (49152K), 2 survivors (8192K)
 Metaspace       used 75707K, committed 76416K, reserved 1179648K
  class space    used 9979K, committed 10304K, reserved 1048576K
GC Heap History (20 events):
Event: 4.866 GC heap after
{Heap after GC invocations=6 (full 0):
 garbage-first heap   total reserved 5214208K, committed 49152K, used 16424K [0x00000006c1c00000, 0x0000000800000000)
  region size 4096K, 1 young (4096K), 1 survivors (4096K)
 Metaspace       used 26893K, committed 27200K, reserved 1114112K
  class space    used 3064K, committed 3200K, reserved 1048576K
}
Event: 5.460 GC heap before
{Heap before GC invocations=6 (full 0):
 garbage-first heap   total reserved 5214208K, committed 49152K, used 32808K [0x00000006c1c00000, 0x0000000800000000)
  region size 4096K, 5 young (20480K), 1 survivors (4096K)
 Metaspace       used 28871K, committed 29184K, reserved 1114112K
  class space    used 3282K, committed 3392K, reserved 1048576K
}
Event: 5.467 GC heap after
{Heap after GC invocations=7 (full 0):
 garbage-first heap   total reserved 5214208K, committed 49152K, used 17283K [0x00000006c1c00000, 0x0000000800000000)
  region size 4096K, 1 young (4096K), 1 survivors (4096K)
 Metaspace       used 28871K, committed 29184K, reserved 1114112K
  class space    used 3282K, committed 3392K, reserved 1048576K
}
Event: 6.031 GC heap before
{Heap before GC invocations=7 (full 0):
 garbage-first heap   total reserved 5214208K, committed 49152K, used 33667K [0x00000006c1c00000, 0x0000000800000000)
  region size 4096K, 5 young (20480K), 1 survivors (4096K)
 Metaspace       used 31376K, committed 31744K, reserved 1114112K
  class space    used 3742K, committed 3904K, reserved 1048576K
}
Event: 6.039 GC heap after
{Heap after GC invocations=8 (full 0):
 garbage-first heap   total reserved 5214208K, committed 49152K, used 18512K [0x00000006c1c00000, 0x0000000800000000)
  region size 4096K, 1 young (4096K), 1 survivors (4096K)
 Metaspace       used 31376K, committed 31744K, reserved 1114112K
  class space    used 3742K, committed 3904K, reserved 1048576K
}
Event: 6.903 GC heap before
{Heap before GC invocations=8 (full 0):
 garbage-first heap   total reserved 5214208K, committed 49152K, used 38992K [0x00000006c1c00000, 0x0000000800000000)
  region size 4096K, 6 young (24576K), 1 survivors (4096K)
 Metaspace       used 34078K, committed 34496K, reserved 1114112K
  class space    used 4126K, committed 4352K, reserved 1048576K
}
Event: 6.915 GC heap after
{Heap after GC invocations=9 (full 0):
 garbage-first heap   total reserved 5214208K, committed 188416K, used 20173K [0x00000006c1c00000, 0x0000000800000000)
  region size 4096K, 1 young (4096K), 1 survivors (4096K)
 Metaspace       used 34078K, committed 34496K, reserved 1114112K
  class space    used 4126K, committed 4352K, reserved 1048576K
}
Event: 7.154 GC heap before
{Heap before GC invocations=9 (full 0):
 garbage-first heap   total reserved 5214208K, committed 188416K, used 24269K [0x00000006c1c00000, 0x0000000800000000)
  region size 4096K, 3 young (12288K), 1 survivors (4096K)
 Metaspace       used 35731K, committed 36096K, reserved 1114112K
  class space    used 4357K, committed 4544K, reserved 1048576K
}
Event: 7.163 GC heap after
{Heap after GC invocations=10 (full 0):
 garbage-first heap   total reserved 5214208K, committed 188416K, used 20823K [0x00000006c1c00000, 0x0000000800000000)
  region size 4096K, 2 young (8192K), 2 survivors (8192K)
 Metaspace       used 35731K, committed 36096K, reserved 1114112K
  class space    used 4357K, committed 4544K, reserved 1048576K
}
Event: 9.537 GC heap before
{Heap before GC invocations=11 (full 0):
 garbage-first heap   total reserved 5214208K, committed 81920K, used 78167K [0x00000006c1c00000, 0x0000000800000000)
  region size 4096K, 16 young (65536K), 2 survivors (8192K)
 Metaspace       used 46748K, committed 47232K, reserved 1114112K
  class space    used 5739K, committed 5952K, reserved 1048576K
}
Event: 9.546 GC heap after
{Heap after GC invocations=12 (full 0):
 garbage-first heap   total reserved 5214208K, committed 94208K, used 24471K [0x00000006c1c00000, 0x0000000800000000)
  region size 4096K, 3 young (12288K), 3 survivors (12288K)
 Metaspace       used 46748K, committed 47232K, reserved 1114112K
  class space    used 5739K, committed 5952K, reserved 1048576K
}
Event: 11.957 GC heap before
{Heap before GC invocations=12 (full 0):
 garbage-first heap   total reserved 5214208K, committed 94208K, used 65431K [0x00000006c1c00000, 0x0000000800000000)
  region size 4096K, 13 young (53248K), 3 survivors (12288K)
 Metaspace       used 55632K, committed 56192K, reserved 1114112K
  class space    used 7109K, committed 7360K, reserved 1048576K
}
Event: 11.968 GC heap after
{Heap after GC invocations=13 (full 0):
 garbage-first heap   total reserved 5214208K, committed 94208K, used 25399K [0x00000006c1c00000, 0x0000000800000000)
  region size 4096K, 2 young (8192K), 2 survivors (8192K)
 Metaspace       used 55632K, committed 56192K, reserved 1114112K
  class space    used 7109K, committed 7360K, reserved 1048576K
}
Event: 12.425 GC heap before
{Heap before GC invocations=13 (full 0):
 garbage-first heap   total reserved 5214208K, committed 94208K, used 37687K [0x00000006c1c00000, 0x0000000800000000)
  region size 4096K, 6 young (24576K), 2 survivors (8192K)
 Metaspace       used 59919K, committed 60416K, reserved 1114112K
  class space    used 7760K, committed 8000K, reserved 1048576K
}
Event: 12.430 GC heap after
{Heap after GC invocations=14 (full 0):
 garbage-first heap   total reserved 5214208K, committed 94208K, used 26016K [0x00000006c1c00000, 0x0000000800000000)
  region size 4096K, 1 young (4096K), 1 survivors (4096K)
 Metaspace       used 59919K, committed 60416K, reserved 1114112K
  class space    used 7760K, committed 8000K, reserved 1048576K
}
Event: 13.986 GC heap before
{Heap before GC invocations=15 (full 0):
 garbage-first heap   total reserved 5214208K, committed 94208K, used 71072K [0x00000006c1c00000, 0x0000000800000000)
  region size 4096K, 13 young (53248K), 1 survivors (4096K)
 Metaspace       used 68925K, committed 69632K, reserved 1114112K
  class space    used 9093K, committed 9408K, reserved 1048576K
}
Event: 13.992 GC heap after
{Heap after GC invocations=16 (full 0):
 garbage-first heap   total reserved 5214208K, committed 94208K, used 28689K [0x00000006c1c00000, 0x0000000800000000)
  region size 4096K, 2 young (8192K), 2 survivors (8192K)
 Metaspace       used 68925K, committed 69632K, reserved 1114112K
  class space    used 9093K, committed 9408K, reserved 1048576K
}
Event: 15.624 GC heap before
{Heap before GC invocations=16 (full 0):
 garbage-first heap   total reserved 5214208K, committed 94208K, used 73745K [0x00000006c1c00000, 0x0000000800000000)
  region size 4096K, 13 young (53248K), 2 survivors (8192K)
 Metaspace       used 74037K, committed 74752K, reserved 1114112K
  class space    used 9805K, committed 10112K, reserved 1048576K
}
Event: 15.634 GC heap after
{Heap after GC invocations=17 (full 0):
 garbage-first heap   total reserved 5214208K, committed 94208K, used 33229K [0x00000006c1c00000, 0x0000000800000000)
  region size 4096K, 2 young (8192K), 2 survivors (8192K)
 Metaspace       used 74037K, committed 74752K, reserved 1114112K
  class space    used 9805K, committed 10112K, reserved 1048576K
}
Event: 16.456 GC heap before
{Heap before GC invocations=17 (full 0):
 garbage-first heap   total reserved 5214208K, committed 94208K, used 70093K [0x00000006c1c00000, 0x0000000800000000)
  region size 4096K, 12 young (49152K), 2 survivors (8192K)
 Metaspace       used 75707K, committed 76416K, reserved 1179648K
  class space    used 9979K, committed 10304K, reserved 1048576K
}

