# JRE version: Java(TM) SE Runtime Environment (22.0.2+9) (build 22.0.2+9-70)
# Java VM: Java HotSpot(TM) 64-Bit Server VM (22.0.2+9-70, mixed mode, sharing, tiered, compressed oops, compressed class ptrs, g1 gc, windows-amd64)
GC Precious Log:
 CardTable entry size: 512
 Card Set container configuration: InlinePtr #cards 4 size 8 Array Of Cards #cards 32 size 80 Howl #buckets 8 coarsen threshold 7372 Howl Bitmap #cards 1024 size 144 coarsen threshold 921 Card regions per heap region 1 cards per card region 8192
 CPUs: 8 total, 8 available
 Memory: 20360M
 Large Page Support: Disabled
 NUMA Support: Disabled
 Compressed Oops: Enabled (Zero based)
 Heap Region Size: 4M
 Heap Min Capacity: 8M
 Heap Initial Capacity: 320M
 Heap Max Capacity: 5092M
 Pre-touch: Disabled
 Parallel Workers: 8
 Concurrent Workers: 2
 Concurrent Refinement Workers: 8
 Periodic GC: Disabled
Heap:
 garbage-first heap   total reserved 5214208K, committed 184320K, used 108982K [0x00000006c1c00000, 0x0000000800000000)
  region size 4096K, 10 young (40960K), 1 survivors (4096K)
 Metaspace       used 78181K, committed 79040K, reserved 1179648K
  class space    used 10377K, committed 10752K, reserved 1048576K
GC Heap History (20 events):
Event: 5.931 GC heap before
{Heap before GC invocations=4 (full 0):
 garbage-first heap   total reserved 5214208K, committed 40960K, used 32154K [0x00000006c1c00000, 0x0000000800000000)
  region size 4096K, 6 young (24576K), 1 survivors (4096K)
 Metaspace       used 24405K, committed 24768K, reserved 1114112K
  class space    used 2796K, committed 2944K, reserved 1048576K
}
Event: 5.936 GC heap after
{Heap after GC invocations=5 (full 0):
 garbage-first heap   total reserved 5214208K, committed 40960K, used 13663K [0x00000006c1c00000, 0x0000000800000000)
  region size 4096K, 1 young (4096K), 1 survivors (4096K)
 Metaspace       used 24405K, committed 24768K, reserved 1114112K
  class space    used 2796K, committed 2944K, reserved 1048576K
}
Event: 6.178 GC heap before
{Heap before GC invocations=5 (full 0):
 garbage-first heap   total reserved 5214208K, committed 40960K, used 25951K [0x00000006c1c00000, 0x0000000800000000)
  region size 4096K, 4 young (16384K), 1 survivors (4096K)
 Metaspace       used 25623K, committed 25984K, reserved 1114112K
  class space    used 2915K, committed 3072K, reserved 1048576K
}
Event: 6.182 GC heap after
{Heap after GC invocations=6 (full 0):
 garbage-first heap   total reserved 5214208K, committed 40960K, used 14844K [0x00000006c1c00000, 0x0000000800000000)
  region size 4096K, 1 young (4096K), 1 survivors (4096K)
 Metaspace       used 25623K, committed 25984K, reserved 1114112K
  class space    used 2915K, committed 3072K, reserved 1048576K
}
Event: 6.457 GC heap before
{Heap before GC invocations=6 (full 0):
 garbage-first heap   total reserved 5214208K, committed 40960K, used 31228K [0x00000006c1c00000, 0x0000000800000000)
  region size 4096K, 5 young (20480K), 1 survivors (4096K)
 Metaspace       used 26897K, committed 27200K, reserved 1114112K
  class space    used 3057K, committed 3200K, reserved 1048576K
}
Event: 6.462 GC heap after
{Heap after GC invocations=7 (full 0):
 garbage-first heap   total reserved 5214208K, committed 40960K, used 15721K [0x00000006c1c00000, 0x0000000800000000)
  region size 4096K, 1 young (4096K), 1 survivors (4096K)
 Metaspace       used 26897K, committed 27200K, reserved 1114112K
  class space    used 3057K, committed 3200K, reserved 1048576K
}
Event: 6.704 GC heap before
{Heap before GC invocations=7 (full 0):
 garbage-first heap   total reserved 5214208K, committed 40960K, used 28009K [0x00000006c1c00000, 0x0000000800000000)
  region size 4096K, 4 young (16384K), 1 survivors (4096K)
 Metaspace       used 28718K, committed 28992K, reserved 1114112K
  class space    used 3263K, committed 3392K, reserved 1048576K
}
Event: 6.709 GC heap after
{Heap after GC invocations=8 (full 0):
 garbage-first heap   total reserved 5214208K, committed 40960K, used 16360K [0x00000006c1c00000, 0x0000000800000000)
  region size 4096K, 1 young (4096K), 1 survivors (4096K)
 Metaspace       used 28718K, committed 28992K, reserved 1114112K
  class space    used 3263K, committed 3392K, reserved 1048576K
}
Event: 7.030 GC heap before
{Heap before GC invocations=8 (full 0):
 garbage-first heap   total reserved 5214208K, committed 40960K, used 28648K [0x00000006c1c00000, 0x0000000800000000)
  region size 4096K, 4 young (16384K), 1 survivors (4096K)
 Metaspace       used 30659K, committed 30912K, reserved 1114112K
  class space    used 3616K, committed 3712K, reserved 1048576K
}
Event: 7.035 GC heap after
{Heap after GC invocations=9 (full 0):
 garbage-first heap   total reserved 5214208K, committed 40960K, used 17006K [0x00000006c1c00000, 0x0000000800000000)
  region size 4096K, 1 young (4096K), 1 survivors (4096K)
 Metaspace       used 30659K, committed 30912K, reserved 1114112K
  class space    used 3616K, committed 3712K, reserved 1048576K
}
Event: 7.460 GC heap before
{Heap before GC invocations=9 (full 0):
 garbage-first heap   total reserved 5214208K, committed 40960K, used 29294K [0x00000006c1c00000, 0x0000000800000000)
  region size 4096K, 4 young (16384K), 1 survivors (4096K)
 Metaspace       used 32175K, committed 32448K, reserved 1114112K
  class space    used 3870K, committed 3968K, reserved 1048576K
}
Event: 7.471 GC heap after
{Heap after GC invocations=10 (full 0):
 garbage-first heap   total reserved 5214208K, committed 184320K, used 17974K [0x00000006c1c00000, 0x0000000800000000)
  region size 4096K, 1 young (4096K), 1 survivors (4096K)
 Metaspace       used 32175K, committed 32448K, reserved 1114112K
  class space    used 3870K, committed 3968K, reserved 1048576K
}
Event: 8.360 GC heap before
{Heap before GC invocations=10 (full 0):
 garbage-first heap   total reserved 5214208K, committed 184320K, used 30262K [0x00000006c1c00000, 0x0000000800000000)
  region size 4096K, 6 young (24576K), 1 survivors (4096K)
 Metaspace       used 35806K, committed 36160K, reserved 1114112K
  class space    used 4376K, committed 4544K, reserved 1048576K
}
Event: 8.369 GC heap after
{Heap after GC invocations=11 (full 0):
 garbage-first heap   total reserved 5214208K, committed 184320K, used 19915K [0x00000006c1c00000, 0x0000000800000000)
  region size 4096K, 2 young (8192K), 2 survivors (8192K)
 Metaspace       used 35806K, committed 36160K, reserved 1114112K
  class space    used 4376K, committed 4544K, reserved 1048576K
}
Event: 9.806 GC heap before
{Heap before GC invocations=12 (full 0):
 garbage-first heap   total reserved 5214208K, committed 81920K, used 60875K [0x00000006c1c00000, 0x0000000800000000)
  region size 4096K, 12 young (49152K), 2 survivors (8192K)
 Metaspace       used 44297K, committed 44800K, reserved 1114112K
  class space    used 5394K, committed 5632K, reserved 1048576K
}
Event: 9.816 GC heap after
{Heap after GC invocations=13 (full 0):
 garbage-first heap   total reserved 5214208K, committed 81920K, used 22688K [0x00000006c1c00000, 0x0000000800000000)
  region size 4096K, 2 young (8192K), 2 survivors (8192K)
 Metaspace       used 44297K, committed 44800K, reserved 1114112K
  class space    used 5394K, committed 5632K, reserved 1048576K
}
Event: 11.387 GC heap before
{Heap before GC invocations=13 (full 0):
 garbage-first heap   total reserved 5214208K, committed 81920K, used 63648K [0x00000006c1c00000, 0x0000000800000000)
  region size 4096K, 12 young (49152K), 2 survivors (8192K)
 Metaspace       used 52397K, committed 52928K, reserved 1114112K
  class space    used 6662K, committed 6912K, reserved 1048576K
}
Event: 11.398 GC heap after
{Heap after GC invocations=14 (full 0):
 garbage-first heap   total reserved 5214208K, committed 81920K, used 25675K [0x00000006c1c00000, 0x0000000800000000)
  region size 4096K, 2 young (8192K), 2 survivors (8192K)
 Metaspace       used 52397K, committed 52928K, reserved 1114112K
  class space    used 6662K, committed 6912K, reserved 1048576K
}
Event: 12.397 GC heap before
{Heap before GC invocations=14 (full 0):
 garbage-first heap   total reserved 5214208K, committed 81920K, used 54347K [0x00000006c1c00000, 0x0000000800000000)
  region size 4096K, 10 young (40960K), 2 survivors (8192K)
 Metaspace       used 59910K, committed 60480K, reserved 1114112K
  class space    used 7795K, committed 8064K, reserved 1048576K
}
Event: 12.402 GC heap after
{Heap after GC invocations=15 (full 0):
 garbage-first heap   total reserved 5214208K, committed 81920K, used 27195K [0x00000006c1c00000, 0x0000000800000000)
  region size 4096K, 2 young (8192K), 2 survivors (8192K)
 Metaspace       used 59910K, committed 60480K, reserved 1114112K
  class space    used 7795K, committed 8064K, reserved 1048576K
}

